I 180320 173703 Log file started
I 180320 173703 Time Zone is UTC
I 180320 173703 LA-mml_1h.conf Configuration file loaded
I 180320 173703 Red Pitaya acquisition configured
I 180320 173703 Acquisition started
M 180320 173803        5890 98.17 115.00 71.00
M 180320 173903       11958 101.13 134.00 78.00
M 180320 174003       17970 100.20 121.00 87.00
M 180320 174103       23908 98.97 113.00 77.00
M 180320 174203       29846 98.97 125.00 79.00
M 180320 174303       35844 99.97 125.00 81.00
M 180320 174403       41888 100.73 124.00 74.00
M 180320 174503       47710 97.03 128.00 76.00
M 180320 174603       53749 100.65 130.00 82.00
M 180320 174703       59769 100.33 122.00 84.00
I 180320 174704 File LA-mml-data_1h-180320-173703.paa writted with 59884 pulses
M 180320 174803       65711 99.03 116.00 75.00
M 180320 174903       71627 98.60 120.00 66.00
M 180320 175003       77660 100.55 118.00 78.00
M 180320 175103       83582 98.70 118.00 76.00
M 180320 175203       89575 99.88 122.00 81.00
M 180320 175303       95712 102.28 130.00 81.00
M 180320 175403      101743 100.52 122.00 75.00
M 180320 175503      107627 98.07 117.00 83.00
M 180320 175603      113685 100.97 122.00 75.00
M 180320 175703      119727 100.70 127.00 80.00
I 180320 175704 File LA-mml-data_1h-180320-174704.paa writted with 59954 pulses
M 180320 175803      125708 99.68 114.00 78.00
M 180320 175903      131874 102.77 133.00 81.00
M 180320 180003      137834 99.33 127.00 76.00
M 180320 180103      143777 99.05 131.00 70.00
M 180320 180203      149989 103.53 122.00 85.00
M 180320 180303      156040 100.85 122.00 82.00
M 180320 180403      162358 105.30 131.00 86.00
M 180320 180503      168683 105.42 130.00 85.00
M 180320 180603      175050 106.12 132.00 79.00
M 180320 180703      181326 104.60 127.00 82.00
I 180320 180704 File LA-mml-data_1h-180320-175704.paa writted with 61598 pulses
M 180320 180803      187613 104.78 121.00 82.00
M 180320 180903      193818 103.42 133.00 84.00
M 180320 181003      199975 102.62 135.00 76.00
M 180320 181103      206097 102.03 132.00 79.00
M 180320 181203      212183 101.43 135.00 81.00
M 180320 181303      218034 97.52 122.00 75.00
M 180320 181403      224076 100.70 136.00 70.00
M 180320 181503      230121 100.75 122.00 79.00
M 180320 181603      236184 101.05 123.00 85.00
M 180320 181703      242173 99.82 118.00 80.00
I 180320 181704 File LA-mml-data_1h-180320-180704.paa writted with 60831 pulses
M 180320 181803      248101 98.80 119.00 79.00
M 180320 181903      254199 101.63 122.00 82.00
M 180320 182003      260379 103.00 128.00 83.00
M 180320 182103      266644 104.42 130.00 68.00
M 180320 182203      272724 101.33 124.00 83.00
M 180320 182303      278725 100.02 121.00 77.00
M 180320 182403      284796 101.18 117.00 76.00
M 180320 182503      290778 99.70 116.00 80.00
M 180320 182603      296796 100.30 123.00 72.00
M 180320 182703      302868 101.20 130.00 78.00
I 180320 182704 File LA-mml-data_1h-180320-181704.paa writted with 60684 pulses
M 180320 182803      308826 99.30 123.00 79.00
M 180320 182903      314888 101.03 136.00 66.00
M 180320 183003      320768 98.00 122.00 79.00
M 180320 183103      326915 102.45 125.00 84.00
M 180320 183203      333178 104.38 127.00 85.00
M 180320 183303      339286 101.80 123.00 78.00
M 180320 183403      345435 102.48 121.00 85.00
M 180320 183503      351500 101.08 123.00 81.00
M 180320 183603      357408 98.47 115.00 70.00
I 180320 183703 Acquisition stopped
I 180320 183703 File LA-mml-data_1h-180320-182704.paa writted with 60395 pulses
I 180320 183703 Elapsed time:    3600 s; Pulse count:      363346; Average rate: 100.93 Hz; Files writed:       6
I 180320 183703 Log file stopped
